2026-01-14 16:53:52,355 - verbecc - INFO - verbs.py:29 - loaded verbecc config: VerbeccConfig(version=1, ENABLE_ML_PREDICTION=True, JSBEAUTIFIER_ENABLE=True, JSBEAUTIFIER_OPTS=JSBeautifierOpts(brace_style='expand', break_chained_methods=False, comma_first=False, e4x=False, end_with_newline=False, indent_char=' ', indent_empty_lines=False, indent_inner_html=False, indent_scripts='normal', indent_size=4, jslint_happy=False, keep_array_indentation=False, max_preserve_newlines=-1, preserve_newlines=False, space_before_conditional=True, unescape_strings=False, wrap_line_length=80), JSON_OPTS=JSONOpts(allow_nan=False, sort_keys=True, ensure_ascii=False, indent=4))
2026-01-14 16:53:52,379 - verbecc - WARNING - model_utils.py:60 - Exception loading model data/models/trained_model-es.zip: [Errno 2] No such file or directory: '/Library/Frameworks/Python.framework/Versions/3.14/lib/python3.14/site-packages/verbecc/data/models/trained_model-es.zip'
Traceback (most recent call last):
  File "/Library/Frameworks/Python.framework/Versions/3.14/lib/python3.14/site-packages/verbecc/src/mlconjug/model_utils.py", line 50, in load_model
    with ZipFile(f) as zf:
         ~~~~~~~^^^
  File "/Library/Frameworks/Python.framework/Versions/3.14/lib/python3.14/zipfile/__init__.py", line 1453, in __init__
    self.fp = io.open(file, filemode)
              ~~~~~~~^^^^^^^^^^^^^^^^
FileNotFoundError: [Errno 2] No such file or directory: '/Library/Frameworks/Python.framework/Versions/3.14/lib/python3.14/site-packages/verbecc/data/models/trained_model-es.zip'
2026-01-14 16:53:52,381 - verbecc - INFO - predictor.py:23 - Could not load existing model, training new model...
2026-01-14 16:54:09,449 - verbecc - INFO - model_utils.py:35 - Saved model pickle filename trained_model-es.pickle to zip filename data/models/trained_model-es.zip.
2026-01-14 16:54:09,454 - verbecc - INFO - predictor.py:27 - Model training complete. Model saved to data/models/trained_model-es.zip.
2026-01-14 16:54:20,451 - verbecc - INFO - verbs.py:29 - loaded verbecc config: VerbeccConfig(version=1, ENABLE_ML_PREDICTION=True, JSBEAUTIFIER_ENABLE=True, JSBEAUTIFIER_OPTS=JSBeautifierOpts(brace_style='expand', break_chained_methods=False, comma_first=False, e4x=False, end_with_newline=False, indent_char=' ', indent_empty_lines=False, indent_inner_html=False, indent_scripts='normal', indent_size=4, jslint_happy=False, keep_array_indentation=False, max_preserve_newlines=-1, preserve_newlines=False, space_before_conditional=True, unescape_strings=False, wrap_line_length=80), JSON_OPTS=JSONOpts(allow_nan=False, sort_keys=True, ensure_ascii=False, indent=4))
2026-01-14 16:54:20,534 - verbecc - INFO - model_utils.py:54 - Loaded model pickle (filename=trained_model-es.pickle) from zip file (filename=data/models/trained_model-es.zip)
2026-01-14 16:54:20,534 - verbecc - INFO - predictor.py:21 - Loaded existing model from zip file.
2026-01-14 16:54:23,357 - verbecc - INFO - verbs.py:29 - loaded verbecc config: VerbeccConfig(version=1, ENABLE_ML_PREDICTION=True, JSBEAUTIFIER_ENABLE=True, JSBEAUTIFIER_OPTS=JSBeautifierOpts(brace_style='expand', break_chained_methods=False, comma_first=False, e4x=False, end_with_newline=False, indent_char=' ', indent_empty_lines=False, indent_inner_html=False, indent_scripts='normal', indent_size=4, jslint_happy=False, keep_array_indentation=False, max_preserve_newlines=-1, preserve_newlines=False, space_before_conditional=True, unescape_strings=False, wrap_line_length=80), JSON_OPTS=JSONOpts(allow_nan=False, sort_keys=True, ensure_ascii=False, indent=4))
2026-01-14 16:54:23,410 - verbecc - INFO - model_utils.py:54 - Loaded model pickle (filename=trained_model-es.pickle) from zip file (filename=data/models/trained_model-es.zip)
2026-01-14 16:54:23,410 - verbecc - INFO - predictor.py:21 - Loaded existing model from zip file.
2026-01-14 16:54:24,854 - verbecc - INFO - verbs.py:29 - loaded verbecc config: VerbeccConfig(version=1, ENABLE_ML_PREDICTION=True, JSBEAUTIFIER_ENABLE=True, JSBEAUTIFIER_OPTS=JSBeautifierOpts(brace_style='expand', break_chained_methods=False, comma_first=False, e4x=False, end_with_newline=False, indent_char=' ', indent_empty_lines=False, indent_inner_html=False, indent_scripts='normal', indent_size=4, jslint_happy=False, keep_array_indentation=False, max_preserve_newlines=-1, preserve_newlines=False, space_before_conditional=True, unescape_strings=False, wrap_line_length=80), JSON_OPTS=JSONOpts(allow_nan=False, sort_keys=True, ensure_ascii=False, indent=4))
2026-01-14 16:54:24,906 - verbecc - INFO - model_utils.py:54 - Loaded model pickle (filename=trained_model-es.pickle) from zip file (filename=data/models/trained_model-es.zip)
2026-01-14 16:54:24,906 - verbecc - INFO - predictor.py:21 - Loaded existing model from zip file.
2026-01-14 16:54:25,893 - verbecc - INFO - verbs.py:29 - loaded verbecc config: VerbeccConfig(version=1, ENABLE_ML_PREDICTION=True, JSBEAUTIFIER_ENABLE=True, JSBEAUTIFIER_OPTS=JSBeautifierOpts(brace_style='expand', break_chained_methods=False, comma_first=False, e4x=False, end_with_newline=False, indent_char=' ', indent_empty_lines=False, indent_inner_html=False, indent_scripts='normal', indent_size=4, jslint_happy=False, keep_array_indentation=False, max_preserve_newlines=-1, preserve_newlines=False, space_before_conditional=True, unescape_strings=False, wrap_line_length=80), JSON_OPTS=JSONOpts(allow_nan=False, sort_keys=True, ensure_ascii=False, indent=4))
2026-01-14 16:54:25,947 - verbecc - INFO - model_utils.py:54 - Loaded model pickle (filename=trained_model-es.pickle) from zip file (filename=data/models/trained_model-es.zip)
2026-01-14 16:54:25,947 - verbecc - INFO - predictor.py:21 - Loaded existing model from zip file.
2026-01-14 16:56:29,284 - verbecc - INFO - verbs.py:29 - loaded verbecc config: VerbeccConfig(version=1, ENABLE_ML_PREDICTION=True, JSBEAUTIFIER_ENABLE=True, JSBEAUTIFIER_OPTS=JSBeautifierOpts(brace_style='expand', break_chained_methods=False, comma_first=False, e4x=False, end_with_newline=False, indent_char=' ', indent_empty_lines=False, indent_inner_html=False, indent_scripts='normal', indent_size=4, jslint_happy=False, keep_array_indentation=False, max_preserve_newlines=-1, preserve_newlines=False, space_before_conditional=True, unescape_strings=False, wrap_line_length=80), JSON_OPTS=JSONOpts(allow_nan=False, sort_keys=True, ensure_ascii=False, indent=4))
2026-01-14 16:56:29,363 - verbecc - INFO - model_utils.py:54 - Loaded model pickle (filename=trained_model-es.pickle) from zip file (filename=data/models/trained_model-es.zip)
2026-01-14 16:56:29,363 - verbecc - INFO - predictor.py:21 - Loaded existing model from zip file.
2026-01-14 16:56:35,934 - verbecc - INFO - verbs.py:29 - loaded verbecc config: VerbeccConfig(version=1, ENABLE_ML_PREDICTION=True, JSBEAUTIFIER_ENABLE=True, JSBEAUTIFIER_OPTS=JSBeautifierOpts(brace_style='expand', break_chained_methods=False, comma_first=False, e4x=False, end_with_newline=False, indent_char=' ', indent_empty_lines=False, indent_inner_html=False, indent_scripts='normal', indent_size=4, jslint_happy=False, keep_array_indentation=False, max_preserve_newlines=-1, preserve_newlines=False, space_before_conditional=True, unescape_strings=False, wrap_line_length=80), JSON_OPTS=JSONOpts(allow_nan=False, sort_keys=True, ensure_ascii=False, indent=4))
2026-01-14 16:56:35,988 - verbecc - INFO - model_utils.py:54 - Loaded model pickle (filename=trained_model-es.pickle) from zip file (filename=data/models/trained_model-es.zip)
2026-01-14 16:56:35,988 - verbecc - INFO - predictor.py:21 - Loaded existing model from zip file.
2026-01-14 16:59:43,593 - verbecc - INFO - verbs.py:29 - loaded verbecc config: VerbeccConfig(version=1, ENABLE_ML_PREDICTION=True, JSBEAUTIFIER_ENABLE=True, JSBEAUTIFIER_OPTS=JSBeautifierOpts(brace_style='expand', break_chained_methods=False, comma_first=False, e4x=False, end_with_newline=False, indent_char=' ', indent_empty_lines=False, indent_inner_html=False, indent_scripts='normal', indent_size=4, jslint_happy=False, keep_array_indentation=False, max_preserve_newlines=-1, preserve_newlines=False, space_before_conditional=True, unescape_strings=False, wrap_line_length=80), JSON_OPTS=JSONOpts(allow_nan=False, sort_keys=True, ensure_ascii=False, indent=4))
2026-01-14 16:59:43,684 - verbecc - INFO - model_utils.py:54 - Loaded model pickle (filename=trained_model-es.pickle) from zip file (filename=data/models/trained_model-es.zip)
2026-01-14 16:59:43,684 - verbecc - INFO - predictor.py:21 - Loaded existing model from zip file.
2026-01-14 17:03:48,031 - verbecc - INFO - verbs.py:29 - loaded verbecc config: VerbeccConfig(version=1, ENABLE_ML_PREDICTION=True, JSBEAUTIFIER_ENABLE=True, JSBEAUTIFIER_OPTS=JSBeautifierOpts(brace_style='expand', break_chained_methods=False, comma_first=False, e4x=False, end_with_newline=False, indent_char=' ', indent_empty_lines=False, indent_inner_html=False, indent_scripts='normal', indent_size=4, jslint_happy=False, keep_array_indentation=False, max_preserve_newlines=-1, preserve_newlines=False, space_before_conditional=True, unescape_strings=False, wrap_line_length=80), JSON_OPTS=JSONOpts(allow_nan=False, sort_keys=True, ensure_ascii=False, indent=4))
2026-01-14 17:03:48,104 - verbecc - INFO - model_utils.py:54 - Loaded model pickle (filename=trained_model-es.pickle) from zip file (filename=data/models/trained_model-es.zip)
2026-01-14 17:03:48,104 - verbecc - INFO - predictor.py:21 - Loaded existing model from zip file.
2026-01-14 17:07:41,017 - verbecc - INFO - verbs.py:29 - loaded verbecc config: VerbeccConfig(version=1, ENABLE_ML_PREDICTION=True, JSBEAUTIFIER_ENABLE=True, JSBEAUTIFIER_OPTS=JSBeautifierOpts(brace_style='expand', break_chained_methods=False, comma_first=False, e4x=False, end_with_newline=False, indent_char=' ', indent_empty_lines=False, indent_inner_html=False, indent_scripts='normal', indent_size=4, jslint_happy=False, keep_array_indentation=False, max_preserve_newlines=-1, preserve_newlines=False, space_before_conditional=True, unescape_strings=False, wrap_line_length=80), JSON_OPTS=JSONOpts(allow_nan=False, sort_keys=True, ensure_ascii=False, indent=4))
2026-01-14 17:07:41,101 - verbecc - INFO - model_utils.py:54 - Loaded model pickle (filename=trained_model-es.pickle) from zip file (filename=data/models/trained_model-es.zip)
2026-01-14 17:07:41,102 - verbecc - INFO - predictor.py:21 - Loaded existing model from zip file.
2026-01-14 17:13:23,581 - verbecc - INFO - verbs.py:29 - loaded verbecc config: VerbeccConfig(version=1, ENABLE_ML_PREDICTION=True, JSBEAUTIFIER_ENABLE=True, JSBEAUTIFIER_OPTS=JSBeautifierOpts(brace_style='expand', break_chained_methods=False, comma_first=False, e4x=False, end_with_newline=False, indent_char=' ', indent_empty_lines=False, indent_inner_html=False, indent_scripts='normal', indent_size=4, jslint_happy=False, keep_array_indentation=False, max_preserve_newlines=-1, preserve_newlines=False, space_before_conditional=True, unescape_strings=False, wrap_line_length=80), JSON_OPTS=JSONOpts(allow_nan=False, sort_keys=True, ensure_ascii=False, indent=4))
2026-01-14 17:13:23,678 - verbecc - INFO - model_utils.py:54 - Loaded model pickle (filename=trained_model-es.pickle) from zip file (filename=data/models/trained_model-es.zip)
2026-01-14 17:13:23,678 - verbecc - INFO - predictor.py:21 - Loaded existing model from zip file.
2026-01-14 17:13:39,018 - verbecc - INFO - verbs.py:29 - loaded verbecc config: VerbeccConfig(version=1, ENABLE_ML_PREDICTION=True, JSBEAUTIFIER_ENABLE=True, JSBEAUTIFIER_OPTS=JSBeautifierOpts(brace_style='expand', break_chained_methods=False, comma_first=False, e4x=False, end_with_newline=False, indent_char=' ', indent_empty_lines=False, indent_inner_html=False, indent_scripts='normal', indent_size=4, jslint_happy=False, keep_array_indentation=False, max_preserve_newlines=-1, preserve_newlines=False, space_before_conditional=True, unescape_strings=False, wrap_line_length=80), JSON_OPTS=JSONOpts(allow_nan=False, sort_keys=True, ensure_ascii=False, indent=4))
2026-01-14 17:13:39,081 - verbecc - INFO - model_utils.py:54 - Loaded model pickle (filename=trained_model-es.pickle) from zip file (filename=data/models/trained_model-es.zip)
2026-01-14 17:13:39,081 - verbecc - INFO - predictor.py:21 - Loaded existing model from zip file.
2026-01-14 17:20:49,261 - verbecc - INFO - verbs.py:29 - loaded verbecc config: VerbeccConfig(version=1, ENABLE_ML_PREDICTION=True, JSBEAUTIFIER_ENABLE=True, JSBEAUTIFIER_OPTS=JSBeautifierOpts(brace_style='expand', break_chained_methods=False, comma_first=False, e4x=False, end_with_newline=False, indent_char=' ', indent_empty_lines=False, indent_inner_html=False, indent_scripts='normal', indent_size=4, jslint_happy=False, keep_array_indentation=False, max_preserve_newlines=-1, preserve_newlines=False, space_before_conditional=True, unescape_strings=False, wrap_line_length=80), JSON_OPTS=JSONOpts(allow_nan=False, sort_keys=True, ensure_ascii=False, indent=4))
2026-01-14 17:20:49,347 - verbecc - INFO - model_utils.py:54 - Loaded model pickle (filename=trained_model-es.pickle) from zip file (filename=data/models/trained_model-es.zip)
2026-01-14 17:20:49,347 - verbecc - INFO - predictor.py:21 - Loaded existing model from zip file.
2026-01-14 17:21:36,468 - verbecc - INFO - verbs.py:29 - loaded verbecc config: VerbeccConfig(version=1, ENABLE_ML_PREDICTION=True, JSBEAUTIFIER_ENABLE=True, JSBEAUTIFIER_OPTS=JSBeautifierOpts(brace_style='expand', break_chained_methods=False, comma_first=False, e4x=False, end_with_newline=False, indent_char=' ', indent_empty_lines=False, indent_inner_html=False, indent_scripts='normal', indent_size=4, jslint_happy=False, keep_array_indentation=False, max_preserve_newlines=-1, preserve_newlines=False, space_before_conditional=True, unescape_strings=False, wrap_line_length=80), JSON_OPTS=JSONOpts(allow_nan=False, sort_keys=True, ensure_ascii=False, indent=4))
2026-01-14 17:21:36,536 - verbecc - INFO - model_utils.py:54 - Loaded model pickle (filename=trained_model-es.pickle) from zip file (filename=data/models/trained_model-es.zip)
2026-01-14 17:21:36,536 - verbecc - INFO - predictor.py:21 - Loaded existing model from zip file.
2026-01-14 17:21:53,205 - verbecc - INFO - verbs.py:29 - loaded verbecc config: VerbeccConfig(version=1, ENABLE_ML_PREDICTION=True, JSBEAUTIFIER_ENABLE=True, JSBEAUTIFIER_OPTS=JSBeautifierOpts(brace_style='expand', break_chained_methods=False, comma_first=False, e4x=False, end_with_newline=False, indent_char=' ', indent_empty_lines=False, indent_inner_html=False, indent_scripts='normal', indent_size=4, jslint_happy=False, keep_array_indentation=False, max_preserve_newlines=-1, preserve_newlines=False, space_before_conditional=True, unescape_strings=False, wrap_line_length=80), JSON_OPTS=JSONOpts(allow_nan=False, sort_keys=True, ensure_ascii=False, indent=4))
2026-01-14 17:21:53,266 - verbecc - INFO - model_utils.py:54 - Loaded model pickle (filename=trained_model-es.pickle) from zip file (filename=data/models/trained_model-es.zip)
2026-01-14 17:21:53,266 - verbecc - INFO - predictor.py:21 - Loaded existing model from zip file.
2026-01-14 17:22:52,182 - verbecc - INFO - verbs.py:29 - loaded verbecc config: VerbeccConfig(version=1, ENABLE_ML_PREDICTION=True, JSBEAUTIFIER_ENABLE=True, JSBEAUTIFIER_OPTS=JSBeautifierOpts(brace_style='expand', break_chained_methods=False, comma_first=False, e4x=False, end_with_newline=False, indent_char=' ', indent_empty_lines=False, indent_inner_html=False, indent_scripts='normal', indent_size=4, jslint_happy=False, keep_array_indentation=False, max_preserve_newlines=-1, preserve_newlines=False, space_before_conditional=True, unescape_strings=False, wrap_line_length=80), JSON_OPTS=JSONOpts(allow_nan=False, sort_keys=True, ensure_ascii=False, indent=4))
2026-01-14 17:22:52,259 - verbecc - INFO - model_utils.py:54 - Loaded model pickle (filename=trained_model-es.pickle) from zip file (filename=data/models/trained_model-es.zip)
2026-01-14 17:22:52,259 - verbecc - INFO - predictor.py:21 - Loaded existing model from zip file.
2026-01-14 17:27:59,717 - verbecc - INFO - verbs.py:29 - loaded verbecc config: VerbeccConfig(version=1, ENABLE_ML_PREDICTION=True, JSBEAUTIFIER_ENABLE=True, JSBEAUTIFIER_OPTS=JSBeautifierOpts(brace_style='expand', break_chained_methods=False, comma_first=False, e4x=False, end_with_newline=False, indent_char=' ', indent_empty_lines=False, indent_inner_html=False, indent_scripts='normal', indent_size=4, jslint_happy=False, keep_array_indentation=False, max_preserve_newlines=-1, preserve_newlines=False, space_before_conditional=True, unescape_strings=False, wrap_line_length=80), JSON_OPTS=JSONOpts(allow_nan=False, sort_keys=True, ensure_ascii=False, indent=4))
2026-01-14 17:27:59,799 - verbecc - INFO - model_utils.py:54 - Loaded model pickle (filename=trained_model-es.pickle) from zip file (filename=data/models/trained_model-es.zip)
2026-01-14 17:27:59,799 - verbecc - INFO - predictor.py:21 - Loaded existing model from zip file.
2026-01-14 17:34:31,008 - verbecc - INFO - verbs.py:29 - loaded verbecc config: VerbeccConfig(version=1, ENABLE_ML_PREDICTION=True, JSBEAUTIFIER_ENABLE=True, JSBEAUTIFIER_OPTS=JSBeautifierOpts(brace_style='expand', break_chained_methods=False, comma_first=False, e4x=False, end_with_newline=False, indent_char=' ', indent_empty_lines=False, indent_inner_html=False, indent_scripts='normal', indent_size=4, jslint_happy=False, keep_array_indentation=False, max_preserve_newlines=-1, preserve_newlines=False, space_before_conditional=True, unescape_strings=False, wrap_line_length=80), JSON_OPTS=JSONOpts(allow_nan=False, sort_keys=True, ensure_ascii=False, indent=4))
2026-01-14 17:34:31,097 - verbecc - INFO - model_utils.py:54 - Loaded model pickle (filename=trained_model-es.pickle) from zip file (filename=data/models/trained_model-es.zip)
2026-01-14 17:34:31,097 - verbecc - INFO - predictor.py:21 - Loaded existing model from zip file.
